<?xml version="1.0" encoding="UTF-8"?>
<testng-results skipped="0" failed="0" ignored="0" total="1" passed="1">
  <reporter-output>
  </reporter-output>
  <suite name="Default suite" duration-ms="5918" started-at="2021-03-18T14:48:47 CDT" finished-at="2021-03-18T14:48:53 CDT">
    <groups>
    </groups>
    <test name="Default test" duration-ms="5918" started-at="2021-03-18T14:48:47 CDT" finished-at="2021-03-18T14:48:53 CDT">
      <class name="Test.SelectMonthTest">
        <test-method status="PASS" signature="validatemonths()[pri:0, instance:Test.SelectMonthTest@6321e813]" name="validatemonths" duration-ms="5841" started-at="2021-03-18T14:48:47 CDT" finished-at="2021-03-18T14:48:53 CDT">
          <reporter-output>
          </reporter-output>
        </test-method> <!-- validatemonths -->
      </class> <!-- Test.SelectMonthTest -->
    </test> <!-- Default test -->
  </suite> <!-- Default suite -->
</testng-results>
